<?xml version="1.0" encoding="UTF-8"?>
<!-- Generated by org.testng.reporters.JUnitXMLReporter -->
<testsuite hostname="WIN-21H667V2AE1" ignored="0" name="Test" tests="2" failures="2" timestamp="26 Jul 2018 06:27:59 GMT" time="730.2" errors="0">
  <testcase name="createunit" time="729.269" classname="org.cloudmantra.api.postunitypes">
    <failure type="java.lang.AssertionError" message="expected [200] but found [401]">
      <![CDATA[java.lang.AssertionError: expected [200] but found [401]
at org.cloudmantra.api.postunitypes.createunit(postunitypes.java:66)
... Removed 31 stack frames]]>
    </failure>
  </testcase> <!-- createunit -->
  <testcase name="createunit" time="730.184" classname="org.cloudmantra.api.postunitypes">
    <failure type="java.lang.IllegalStateException" message="The path to the driver executable must be set by the webdriver.gecko.driver system property; for more information, see https://github.com/mozilla/geckodriver. The latest version can be downloaded from https://github.com/mozilla/geckodriver/releases">
      <![CDATA[java.lang.IllegalStateException: The path to the driver executable must be set by the webdriver.gecko.driver system property; for more information, see https://github.com/mozilla/geckodriver. The latest version can be downloaded from https://github.com/mozilla/geckodriver/releases
at com.google.common.base.Preconditions.checkState(Preconditions.java:847)
at org.openqa.selenium.remote.service.DriverService.findExecutable(DriverService.java:124)
at org.openqa.selenium.firefox.GeckoDriverService.access$100(GeckoDriverService.java:42)
at org.openqa.selenium.firefox.GeckoDriverService$Builder.findDefaultExecutable(GeckoDriverService.java:143)
at org.openqa.selenium.remote.service.DriverService$Builder.build(DriverService.java:335)
at org.openqa.selenium.firefox.FirefoxDriver.toExecutor(FirefoxDriver.java:168)
at org.openqa.selenium.firefox.FirefoxDriver.<init>(FirefoxDriver.java:125)
at org.openqa.selenium.firefox.FirefoxDriver.<init>(FirefoxDriver.java:103)
at org.cloudmantra.api.screenshot.takeScreenShot(screenshot.java:37)
at org.cloudmantra.api.screenshot.onTestFailure(screenshot.java:30)
... Removed 22 stack frames]]>
    </failure>
  </testcase> <!-- createunit -->
</testsuite> <!-- Test -->
